This is pdfTeX, Version 3.14159265-2.6-1.40.18 (TeX Live 2017) (preloaded format=pdflatex 2017.5.23)  28 APR 2019 18:13
entering extended mode
 restricted \write18 enabled.
 file:line:error style messages enabled.
 %&-line parsing enabled.
**editing.tex
(./editing.tex
LaTeX2e <2017-04-15>
Babel <3.10> and hyphenation patterns for 84 language(s) loaded.
(/usr/local/texlive/2017/texmf-dist/tex/latex/base/article.cls
Document Class: article 2014/09/29 v1.4h Standard LaTeX document class
(/usr/local/texlive/2017/texmf-dist/tex/latex/base/size10.clo
File: size10.clo 2014/09/29 v1.4h Standard LaTeX file (size option)
)
\c@part=\count79
\c@section=\count80
\c@subsection=\count81
\c@subsubsection=\count82
\c@paragraph=\count83
\c@subparagraph=\count84
\c@figure=\count85
\c@table=\count86
\abovecaptionskip=\skip41
\belowcaptionskip=\skip42
\bibindent=\dimen102
)
(/usr/local/texlive/2017/texmf-dist/tex/latex/base/fontenc.sty
Package: fontenc 2017/04/05 v2.0i Standard LaTeX package

(/usr/local/texlive/2017/texmf-dist/tex/latex/base/t1enc.def
File: t1enc.def 2017/04/05 v2.0i Standard LaTeX file
LaTeX Font Info:    Redeclaring font encoding T1 on input line 48.
))
(/usr/local/texlive/2017/texmf-dist/tex/latex/fancyhdr/fancyhdr.sty
Package: fancyhdr 2016/09/06 3.8 Extensive control of page headers and footers
\fancy@headwidth=\skip43
\f@ncyO@elh=\skip44
\f@ncyO@erh=\skip45
\f@ncyO@olh=\skip46
\f@ncyO@orh=\skip47
\f@ncyO@elf=\skip48
\f@ncyO@erf=\skip49
\f@ncyO@olf=\skip50
\f@ncyO@orf=\skip51
)
(./editing.aux)
\openout1 = `editing.aux'.

LaTeX Font Info:    Checking defaults for OML/cmm/m/it on input line 15.
LaTeX Font Info:    ... okay on input line 15.
LaTeX Font Info:    Checking defaults for T1/cmr/m/n on input line 15.
LaTeX Font Info:    ... okay on input line 15.
LaTeX Font Info:    Checking defaults for OT1/cmr/m/n on input line 15.
LaTeX Font Info:    ... okay on input line 15.
LaTeX Font Info:    Checking defaults for OMS/cmsy/m/n on input line 15.
LaTeX Font Info:    ... okay on input line 15.
LaTeX Font Info:    Checking defaults for OMX/cmex/m/n on input line 15.
LaTeX Font Info:    ... okay on input line 15.
LaTeX Font Info:    Checking defaults for U/cmr/m/n on input line 15.
LaTeX Font Info:    ... okay on input line 15.

Underfull \hbox (badness 10000) in paragraph at lines 23--24

 []

LaTeX Font Info:    External font `cmex10' loaded for size
(Font)              <7> on input line 25.
LaTeX Font Info:    External font `cmex10' loaded for size
(Font)              <5> on input line 25.

Underfull \hbox (badness 10000) in paragraph at lines 25--26

 []

LaTeX Font Info:    External font `cmex10' loaded for size
(Font)              <8> on input line 26.
LaTeX Font Info:    External font `cmex10' loaded for size
(Font)              <6> on input line 26.

Underfull \hbox (badness 10000) in paragraph at lines 43--44

 []

[1{/usr/local/texlive/2017/texmf-var/fonts/map/pdftex/updmap/pdftex.map}

]
[2] [3] (./editing.aux) ) 
Here is how much of TeX's memory you used:
 596 strings out of 492995
 5763 string characters out of 6132704
 60943 words of memory out of 5000000
 4201 multiletter control sequences out of 15000+600000
 18648 words of font info for 38 fonts, out of 8000000 for 9000
 1141 hyphenation exceptions out of 8191
 32i,11n,43p,528b,441s stack positions out of 5000i,500n,10000p,200000b,80000s
{/usr/local/texlive/2017/texmf-dist/fonts/enc/dvips/cm
-super/cm-super-t1.enc}</usr/local/texlive/2017/texmf-dist/fonts/type1/public/c
m-super/sfbi1000.pfb></usr/local/texlive/2017/texmf-dist/fonts/type1/public/cm-
super/sfbx0800.pfb></usr/local/texlive/2017/texmf-dist/fonts/type1/public/cm-su
per/sfbx1000.pfb></usr/local/texlive/2017/texmf-dist/fonts/type1/public/cm-supe
r/sfbx1200.pfb></usr/local/texlive/2017/texmf-dist/fonts/type1/public/cm-super/
sfbx1440.pfb></usr/local/texlive/2017/texmf-dist/fonts/type1/public/cm-super/sf
cc0800.pfb></usr/local/texlive/2017/texmf-dist/fonts/type1/public/cm-super/sfcc
1000.pfb></usr/local/texlive/2017/texmf-dist/fonts/type1/public/cm-super/sfrm06
00.pfb></usr/local/texlive/2017/texmf-dist/fonts/type1/public/cm-super/sfrm0700
.pfb></usr/local/texlive/2017/texmf-dist/fonts/type1/public/cm-super/sfrm0800.p
fb></usr/local/texlive/2017/texmf-dist/fonts/type1/public/cm-super/sfrm1000.pfb
></usr/local/texlive/2017/texmf-dist/fonts/type1/public/cm-super/sfti0800.pfb><
/usr/local/texlive/2017/texmf-dist/fonts/type1/public/cm-super/sfti1000.pfb></u
sr/local/texlive/2017/texmf-dist/fonts/type1/public/cm-super/sfxc0900.pfb></usr
/local/texlive/2017/texmf-dist/fonts/type1/public/cm-super/sfxc1200.pfb>
Output written on editing.pdf (3 pages, 227044 bytes).
PDF statistics:
 75 PDF objects out of 1000 (max. 8388607)
 54 compressed objects within 1 object stream
 0 named destinations out of 1000 (max. 500000)
 1 words of extra memory for PDF output out of 10000 (max. 10000000)

