This is pdfTeX, Version 3.14159265-2.6-1.40.15 (TeX Live 2014/W32TeX) (preloaded format=pdflatex 2014.8.20)  27 JAN 2016 15:05
entering extended mode
 restricted \write18 enabled.
 %&-line parsing enabled.
**Lecture4.tex
(./Lecture4.tex
LaTeX2e <2014/05/01>
Babel <3.9k> and hyphenation patterns for 79 languages loaded.
(c:/texlive/2014/texmf-dist/tex/latex/base/article.cls
Document Class: article 2007/10/19 v1.4h Standard LaTeX document class
(c:/texlive/2014/texmf-dist/tex/latex/base/size10.clo
File: size10.clo 2007/10/19 v1.4h Standard LaTeX file (size option)
)
\c@part=\count79
\c@section=\count80
\c@subsection=\count81
\c@subsubsection=\count82
\c@paragraph=\count83
\c@subparagraph=\count84
\c@figure=\count85
\c@table=\count86
\abovecaptionskip=\skip41
\belowcaptionskip=\skip42
\bibindent=\dimen102
) (./Lecture4.aux)
\openout1 = `Lecture4.aux'.

LaTeX Font Info:    Checking defaults for OML/cmm/m/it on input line 11.
LaTeX Font Info:    ... okay on input line 11.
LaTeX Font Info:    Checking defaults for T1/cmr/m/n on input line 11.
LaTeX Font Info:    ... okay on input line 11.
LaTeX Font Info:    Checking defaults for OT1/cmr/m/n on input line 11.
LaTeX Font Info:    ... okay on input line 11.
LaTeX Font Info:    Checking defaults for OMS/cmsy/m/n on input line 11.
LaTeX Font Info:    ... okay on input line 11.
LaTeX Font Info:    Checking defaults for OMX/cmex/m/n on input line 11.
LaTeX Font Info:    ... okay on input line 11.
LaTeX Font Info:    Checking defaults for U/cmr/m/n on input line 11.
LaTeX Font Info:    ... okay on input line 11.
LaTeX Font Info:    External font `cmex10' loaded for size
(Font)              <12> on input line 14.
LaTeX Font Info:    External font `cmex10' loaded for size
(Font)              <8> on input line 14.
LaTeX Font Info:    External font `cmex10' loaded for size
(Font)              <6> on input line 14.
LaTeX Font Info:    Try loading font information for OMS+cmr on input line 22.

(c:/texlive/2014/texmf-dist/tex/latex/base/omscmr.fd
File: omscmr.fd 1999/05/25 v2.5h Standard LaTeX font definitions
)
LaTeX Font Info:    Font shape `OMS/cmr/m/n' in size <10> not available
(Font)              Font shape `OMS/cmsy/m/n' tried instead on input line 22.
 [1

{c:/texlive/2014/texmf-var/fonts/map/pdftex/updmap/pdftex.map}]
Overfull \hbox (2.58392pt too wide) in paragraph at lines 58--59
[]\OT1/cmr/m/n/10 Prosecuting the wrong-doer re-gard-less of per-sonal re-la-ti
on-ship to the wrong-
 []

[2]
Underfull \hbox (badness 10000) in paragraph at lines 99--100

 []

[3]
Underfull \hbox (badness 10000) in paragraph at lines 102--102

 []

[4] (./Lecture4.aux) ) 
Here is how much of TeX's memory you used:
 251 strings out of 493108
 2799 string characters out of 6138440
 57957 words of memory out of 5000000
 3784 multiletter control sequences out of 15000+600000
 8640 words of font info for 30 fonts, out of 8000000 for 9000
 1141 hyphenation exceptions out of 8191
 23i,6n,19p,1024b,239s stack positions out of 5000i,500n,10000p,200000b,80000s
<c:/texlive/2014/texmf-dist/fonts/type1/public/amsfonts/c
m/cmbx10.pfb><c:/texlive/2014/texmf-dist/fonts/type1/public/amsfonts/cm/cmbx12.
pfb><c:/texlive/2014/texmf-dist/fonts/type1/public/amsfonts/cm/cmbxti10.pfb><c:
/texlive/2014/texmf-dist/fonts/type1/public/amsfonts/cm/cmr10.pfb><c:/texlive/2
014/texmf-dist/fonts/type1/public/amsfonts/cm/cmr12.pfb><c:/texlive/2014/texmf-
dist/fonts/type1/public/amsfonts/cm/cmsy10.pfb><c:/texlive/2014/texmf-dist/font
s/type1/public/amsfonts/cm/cmti10.pfb><c:/texlive/2014/texmf-dist/fonts/type1/p
ublic/amsfonts/cm/cmti12.pfb>
Output written on Lecture4.pdf (4 pages, 105490 bytes).
PDF statistics:
 49 PDF objects out of 1000 (max. 8388607)
 34 compressed objects within 1 object stream
 0 named destinations out of 1000 (max. 500000)
 1 words of extra memory for PDF output out of 10000 (max. 10000000)

